================== VBSP ==================



materialPath: D:\Program Files (x86)\Steam\steamapps\common\Half-Life 2\hl2\materials
Loading C:\Users\kris7\OneDrive\Map designing\Hammer\Tetrac Bunker Assault\Map\V1\gm_tetrac_bunker_assault.vmf
ConVarRef mat_reduceparticles doesn't point to an existing ConVar
material "/firstwave" not found.
Material not found!: /FIRSTWAVE
material "/secondwave" not found.
Material not found!: /SECONDWAVE
material "/fourthwave" not found.
Material not found!: /FOURTHWAVE
material "/apcwave" not found.
Material not found!: /APCWAVE
material "/bombsquard" not found.
Material not found!: /BOMBSQUARD
material "/drillsquard" not found.
Material not found!: /DRILLSQUARD
material "/droppod" not found.
Material not found!: /DROPPOD
material "/flamesquard" not found.
Material not found!: /FLAMESQUARD
material "/flaresquard" not found.
Material not found!: /FLARESQUARD
material "/manhacks" not found.
Material not found!: /MANHACKS
material "/rollermines" not found.
Material not found!: /ROLLERMINES
Could not locate 'GameData' key in d:\program files (x86)\steam\steamapps\common\half-life 2\hl2\gameinfo.txt
Patching WVT material: maps/gm_tetrac_bunker_assault/nature/blenddirtgrass001a_wvt_patch
fixing up env_cubemap materials on brush sides...
0...1...2...3...4...5...6...7...8...9...100...1...2...3...4...5...6...7...8...9...10Processing areas...done (0)
Building Faces...done (0)
Chop Details...done (0)
Find Visible Detail Sides...
Merged 144 detail faces...done (0)
Merging details...done (0)
FixTjuncs...
PruneNodes...
WriteBSP...
done (1)
writing C:\Users\kris7\OneDrive\Map designing\Hammer\Tetrac Bunker Assault\Map\V1\gm_tetrac_bunker_assault.prt...Building visibility clusters...
done (0)

FindPortalSide: Couldn't find a good match for which brush to assign to a portal near (-30.7 21.8 -40.5)
Leaf 0 contents: 
Leaf 1 contents: CONTENTS_SOLID 
viscontents (node 0 contents ^ node 1 contents): CONTENTS_SOLID 
This means that none of the brushes in leaf 0 or 1 that touches the portal has CONTENTS_SOLID 
Check for a huge brush enclosing the coordinates above that has contents CONTENTS_SOLID 
Candidate brush IDs: Brush 450487: 

Creating default LDR cubemaps for env_cubemap using skybox materials:
   skybox/sky_day01_01*.vmt
 ! Run buildcubemaps in the engine to get the correct cube maps.
Creating default HDR cubemaps for env_cubemap using skybox materials:
   skybox/sky_day01_01*.vmt
 ! Run buildcubemaps in the engine to get the correct cube maps.
Finding displacement neighbors...
Finding lightmap sample positions...
Displacement Alpha : 0...1...2...3...4...5...6...7...8...9...10
Building Physics collision data...
WARNING: Map using power 4 displacements, terrain physics cannot be compressed, map will need additional memory and CPU.
done (0) (904291 bytes)
Placing detail props : 0...1...2...3...4...5...6...7...8...9...10
Compacting texture/material tables...
Reduced 5019 texinfos to 2046
Reduced 63 texdatas to 57 (1456 bytes to 1214)
Writing C:\Users\kris7\OneDrive\Map designing\Hammer\Tetrac Bunker Assault\Map\V1\gm_tetrac_bunker_assault.bsp
1 second elapsed

================== VVIS ==================

Initializing VMPI...
Can't find d:\program files (x86)\steam\steamapps\common\Half-Life 2\bin\dependency_info_vvis.txt.

================== VRAD ==================




[Reading texlights from 'lights.rad']
[45 texlights parsed from 'lights.rad']

Loading c:\users\kris7\onedrive\map designing\hammer\tetrac bunker assault\map\v1\gm_tetrac_bunker_assault.bsp
No vis information, direct lighting only.
8299 faces
7 degenerate faces
489784 square feet [70528936.00 square inches]
2 Displacements
14114 Square Feet [2032470.63 Square Inches]
1 direct lights
0...1...2...3...4...5...6...7...8...9...10Build Patch/Sample Hash Table(s).....Done<0.0106 sec>
0...1...2...3...4...5...6...7...8...9...10FinalLightFace Done
0 of 1 (0% of) surface lights went in leaf ambient cubes.
0...1...2...3...4...5...6...7...8...9...10Writing leaf ambient...done
Ready to Finish

Object names       Objects/Maxobjs  Memory / Maxmem  Fullness 
------------       ---------------  ---------------  -------- 
models                 106/1024         5088/49152    (10.4%) 
brushes               2281/8192        27372/98304    (27.8%) 
brushsides           21171/65536      169368/524288   (32.3%) 
planes               19782/65536      395640/1310720  (30.2%) 
vertexes             13101/65536      157212/786432   (20.0%) 
nodes                 4149/65536      132768/2097152  ( 6.3%) 
texinfos              2046/12288      147312/884736   (16.7%) 
texdata                 57/2048         1824/65536    ( 2.8%) 
dispinfos                2/0             352/0        ( 0.0%) 
disp_verts             578/0           11560/0        ( 0.0%) 
disp_tris             1024/0            2048/0        ( 0.0%) 
disp_lmsamples       42659/0           42659/0        ( 0.0%) 
faces                 8299/65536      464744/3670016  (12.7%) 
hdr faces                0/65536           0/3670016  ( 0.0%) 
origfaces             5937/65536      332472/3670016  ( 9.1%) 
leaves                4256/65536      136192/2097152  ( 6.5%) 
leaffaces             9749/65536       19498/131072   (14.9%) 
leafbrushes           4522/65536        9044/131072   ( 6.9%) 
areas                    2/256            16/2048     ( 0.8%) 
surfedges            62790/512000     251160/2048000  (12.3%) 
edges                36927/256000     147708/1024000  (14.4%) 
LDR worldlights          1/8192           88/720896   ( 0.0%) 
HDR worldlights          0/8192            0/720896   ( 0.0%) 
leafwaterdata            0/32768           0/393216   ( 0.0%) 
waterstrips            578/32768        5780/327680   ( 1.8%) 
waterverts               0/65536           0/786432   ( 0.0%) 
waterindices         11481/65536       22962/131072   (17.5%) 
cubemapsamples           0/1024            0/16384    ( 0.0%) 
overlays                 0/512             0/180224   ( 0.0%) 
LDR lightdata         [variable]     3377984/0        ( 0.0%) 
HDR lightdata         [variable]           0/0        ( 0.0%) 
visdata               [variable]           0/16777216 ( 0.0%) 
entdata               [variable]       52116/393216   (13.3%) 
LDR ambient table     4256/65536       17024/262144   ( 6.5%) 
HDR ambient table     4256/65536       17024/262144   ( 6.5%) 
LDR leaf ambient      2416/65536       67648/1835008  ( 3.7%) 
HDR leaf ambient      4256/65536      119168/1835008  ( 6.5%) 
occluders                0/0               0/0        ( 0.0%) 
occluder polygons        0/0               0/0        ( 0.0%) 
occluder vert ind        0/0               0/0        ( 0.0%) 
detail props          [variable]           1/12       ( 8.3%) 
static props          [variable]           1/12       ( 8.3%) 
pakfile               [variable]      212995/0        ( 0.0%) 
physics               [variable]      904291/4194304  (21.6%) 
physics terrain       [variable]           0/1048576  ( 0.0%) 

Level flags = 0

Total triangle count: 22696
Writing c:\users\kris7\onedrive\map designing\hammer\tetrac bunker assault\map\v1\gm_tetrac_bunker_assault.bsp
3 seconds elapsed
